<?xml version="1.0" encoding="UTF-8"?>
<!-- Generated by org.testng.reporters.JUnitReportReporter -->
<testsuite hostname="INPUHJLP21707" failures="0" tests="1" name="TestPack.SampleTest1" time="64.034" errors="0" timestamp="16 Feb 2024 11:58:26 GMT" skipped="0">
  <testcase classname="TestPack.SampleTest1" name="LoginTest" time="64.034"/>
</testsuite> <!-- TestPack.SampleTest1 -->
